# This is the CMakeCache file.
# For build in directory: /home/fpedd/minimalloc/build_test
# It was generated by CMake: /home/fpedd/minimalloc/venv/lib/python3.12/site-packages/cmake/data/bin/cmake
# You can edit this file to change values found and used by cmake.
# If you do not want to change any of the values, simply exit the editor.
# If you do want to change a value, simply edit, save, and exit the editor.
# The syntax for the file is as follows:
# KEY:TYPE=VALUE
# KEY is the name of a variable in the cache.
# TYPE is a hint to GUIs for the type of VALUE, DO NOT EDIT TYPE!.
# VALUE is the current value for the KEY.

########################
# EXTERNAL cache entries
########################

//If ON, Abseil will build all of Abseil's own tests.
ABSL_BUILD_TESTING:BOOL=OFF

//If ON, Abseil will build libraries that you can use to write
// tests against Abseil code. This option requires that Abseil
// is configured to use GoogleTest.
ABSL_BUILD_TEST_HELPERS:BOOL=OFF

//Enable install rule
ABSL_ENABLE_INSTALL:BOOL=OFF

//If set, download GoogleTest from this URL
ABSL_GOOGLETEST_DOWNLOAD_URL:STRING=

//If ABSL_USE_GOOGLETEST_HEAD is OFF and ABSL_GOOGLETEST_URL is
// not set, specifies the directory of a local GoogleTest checkout.
ABSL_LOCAL_GOOGLETEST_DIR:PATH=/usr/src/googletest

//Use CMake C++ standard meta features (e.g. cxx_std_14) that propagate
// to targets that link to Abseil
ABSL_PROPAGATE_CXX_STD:BOOL=OFF

//If ON, Abseil will assume that the targets for GoogleTest are
// already provided by the including project. This makes sense
// when Abseil is used with add_subdirectory.
ABSL_USE_EXTERNAL_GOOGLETEST:BOOL=OFF

//If ON, abseil will download HEAD from GoogleTest at config time.
ABSL_USE_GOOGLETEST_HEAD:BOOL=OFF

//Silence warnings in Abseil headers by marking them as SYSTEM
// includes
ABSL_USE_SYSTEM_INCLUDES:BOOL=OFF

//Builds the googlemock subproject
BUILD_GMOCK:BOOL=ON

//Build the testing tree.
BUILD_TESTING:BOOL=ON

//Path to a program.
CMAKE_ADDR2LINE:FILEPATH=/usr/bin/addr2line

//Path to a program.
CMAKE_AR:FILEPATH=/usr/bin/ar

//Choose the type of build, options are: None Debug Release RelWithDebInfo
// MinSizeRel ...
CMAKE_BUILD_TYPE:STRING=Release

//Enable/Disable color output during build.
CMAKE_COLOR_MAKEFILE:BOOL=ON

//CXX compiler
CMAKE_CXX_COMPILER:FILEPATH=/usr/bin/c++

//A wrapper around 'ar' adding the appropriate '--plugin' option
// for the GCC compiler
CMAKE_CXX_COMPILER_AR:FILEPATH=/usr/bin/gcc-ar-13

//A wrapper around 'ranlib' adding the appropriate '--plugin' option
// for the GCC compiler
CMAKE_CXX_COMPILER_RANLIB:FILEPATH=/usr/bin/gcc-ranlib-13

//Flags used by the CXX compiler during all build types.
CMAKE_CXX_FLAGS:STRING=

//Flags used by the CXX compiler during DEBUG builds.
CMAKE_CXX_FLAGS_DEBUG:STRING=-g

//Flags used by the CXX compiler during MINSIZEREL builds.
CMAKE_CXX_FLAGS_MINSIZEREL:STRING=-Os -DNDEBUG

//Flags used by the CXX compiler during RELEASE builds.
CMAKE_CXX_FLAGS_RELEASE:STRING=-O3 -DNDEBUG

//Flags used by the CXX compiler during RELWITHDEBINFO builds.
CMAKE_CXX_FLAGS_RELWITHDEBINFO:STRING=-O2 -g -DNDEBUG

//C compiler
CMAKE_C_COMPILER:FILEPATH=/usr/bin/cc

//A wrapper around 'ar' adding the appropriate '--plugin' option
// for the GCC compiler
CMAKE_C_COMPILER_AR:FILEPATH=/usr/bin/gcc-ar-13

//A wrapper around 'ranlib' adding the appropriate '--plugin' option
// for the GCC compiler
CMAKE_C_COMPILER_RANLIB:FILEPATH=/usr/bin/gcc-ranlib-13

//Flags used by the C compiler during all build types.
CMAKE_C_FLAGS:STRING=

//Flags used by the C compiler during DEBUG builds.
CMAKE_C_FLAGS_DEBUG:STRING=-g

//Flags used by the C compiler during MINSIZEREL builds.
CMAKE_C_FLAGS_MINSIZEREL:STRING=-Os -DNDEBUG

//Flags used by the C compiler during RELEASE builds.
CMAKE_C_FLAGS_RELEASE:STRING=-O3 -DNDEBUG

//Flags used by the C compiler during RELWITHDEBINFO builds.
CMAKE_C_FLAGS_RELWITHDEBINFO:STRING=-O2 -g -DNDEBUG

//Path to a program.
CMAKE_DLLTOOL:FILEPATH=CMAKE_DLLTOOL-NOTFOUND

//Flags used by the linker during all build types.
CMAKE_EXE_LINKER_FLAGS:STRING=

//Flags used by the linker during DEBUG builds.
CMAKE_EXE_LINKER_FLAGS_DEBUG:STRING=

//Flags used by the linker during MINSIZEREL builds.
CMAKE_EXE_LINKER_FLAGS_MINSIZEREL:STRING=

//Flags used by the linker during RELEASE builds.
CMAKE_EXE_LINKER_FLAGS_RELEASE:STRING=

//Flags used by the linker during RELWITHDEBINFO builds.
CMAKE_EXE_LINKER_FLAGS_RELWITHDEBINFO:STRING=

//Enable/Disable output of compile commands during generation.
CMAKE_EXPORT_COMPILE_COMMANDS:BOOL=

//Value Computed by CMake.
CMAKE_FIND_PACKAGE_REDIRECTS_DIR:STATIC=/home/fpedd/minimalloc/build_test/CMakeFiles/pkgRedirects

//User executables (bin)
CMAKE_INSTALL_BINDIR:PATH=bin

//Read-only architecture-independent data (DATAROOTDIR)
CMAKE_INSTALL_DATADIR:PATH=

//Read-only architecture-independent data root (share)
CMAKE_INSTALL_DATAROOTDIR:PATH=share

//Documentation root (DATAROOTDIR/doc/PROJECT_NAME)
CMAKE_INSTALL_DOCDIR:PATH=

//C header files (include)
CMAKE_INSTALL_INCLUDEDIR:PATH=include

//Info documentation (DATAROOTDIR/info)
CMAKE_INSTALL_INFODIR:PATH=

//Object code libraries (lib)
CMAKE_INSTALL_LIBDIR:PATH=lib

//Program executables (libexec)
CMAKE_INSTALL_LIBEXECDIR:PATH=libexec

//Locale-dependent data (DATAROOTDIR/locale)
CMAKE_INSTALL_LOCALEDIR:PATH=

//Modifiable single-machine data (var)
CMAKE_INSTALL_LOCALSTATEDIR:PATH=var

//Man documentation (DATAROOTDIR/man)
CMAKE_INSTALL_MANDIR:PATH=

//C header files for non-gcc (/usr/include)
CMAKE_INSTALL_OLDINCLUDEDIR:PATH=/usr/include

//Install path prefix, prepended onto install directories.
CMAKE_INSTALL_PREFIX:PATH=/usr/local

//Run-time variable data (LOCALSTATEDIR/run)
CMAKE_INSTALL_RUNSTATEDIR:PATH=

//System admin executables (sbin)
CMAKE_INSTALL_SBINDIR:PATH=sbin

//Modifiable architecture-independent data (com)
CMAKE_INSTALL_SHAREDSTATEDIR:PATH=com

//Read-only single-machine data (etc)
CMAKE_INSTALL_SYSCONFDIR:PATH=etc

//Path to a program.
CMAKE_LINKER:FILEPATH=/usr/bin/ld

//Path to a program.
CMAKE_MAKE_PROGRAM:FILEPATH=/usr/bin/gmake

//Flags used by the linker during the creation of modules during
// all build types.
CMAKE_MODULE_LINKER_FLAGS:STRING=

//Flags used by the linker during the creation of modules during
// DEBUG builds.
CMAKE_MODULE_LINKER_FLAGS_DEBUG:STRING=

//Flags used by the linker during the creation of modules during
// MINSIZEREL builds.
CMAKE_MODULE_LINKER_FLAGS_MINSIZEREL:STRING=

//Flags used by the linker during the creation of modules during
// RELEASE builds.
CMAKE_MODULE_LINKER_FLAGS_RELEASE:STRING=

//Flags used by the linker during the creation of modules during
// RELWITHDEBINFO builds.
CMAKE_MODULE_LINKER_FLAGS_RELWITHDEBINFO:STRING=

//Path to a program.
CMAKE_NM:FILEPATH=/usr/bin/nm

//Path to a program.
CMAKE_OBJCOPY:FILEPATH=/usr/bin/objcopy

//Path to a program.
CMAKE_OBJDUMP:FILEPATH=/usr/bin/objdump

//Value Computed by CMake
CMAKE_PROJECT_COMPAT_VERSION:STATIC=

//Value Computed by CMake
CMAKE_PROJECT_DESCRIPTION:STATIC=

//Value Computed by CMake
CMAKE_PROJECT_HOMEPAGE_URL:STATIC=

//Value Computed by CMake
CMAKE_PROJECT_NAME:STATIC=MiniMalloc

//Value Computed by CMake
CMAKE_PROJECT_VERSION:STATIC=

//Value Computed by CMake
CMAKE_PROJECT_VERSION_MAJOR:STATIC=

//Value Computed by CMake
CMAKE_PROJECT_VERSION_MINOR:STATIC=

//Value Computed by CMake
CMAKE_PROJECT_VERSION_PATCH:STATIC=

//Value Computed by CMake
CMAKE_PROJECT_VERSION_TWEAK:STATIC=

//Path to a program.
CMAKE_RANLIB:FILEPATH=/usr/bin/ranlib

//Path to a program.
CMAKE_READELF:FILEPATH=/usr/bin/readelf

//Flags used by the linker during the creation of shared libraries
// during all build types.
CMAKE_SHARED_LINKER_FLAGS:STRING=

//Flags used by the linker during the creation of shared libraries
// during DEBUG builds.
CMAKE_SHARED_LINKER_FLAGS_DEBUG:STRING=

//Flags used by the linker during the creation of shared libraries
// during MINSIZEREL builds.
CMAKE_SHARED_LINKER_FLAGS_MINSIZEREL:STRING=

//Flags used by the linker during the creation of shared libraries
// during RELEASE builds.
CMAKE_SHARED_LINKER_FLAGS_RELEASE:STRING=

//Flags used by the linker during the creation of shared libraries
// during RELWITHDEBINFO builds.
CMAKE_SHARED_LINKER_FLAGS_RELWITHDEBINFO:STRING=

//If set, runtime paths are not added when installing shared libraries,
// but are added when building.
CMAKE_SKIP_INSTALL_RPATH:BOOL=NO

//If set, runtime paths are not added when using shared libraries.
CMAKE_SKIP_RPATH:BOOL=NO

//Flags used by the archiver during the creation of static libraries
// during all build types.
CMAKE_STATIC_LINKER_FLAGS:STRING=

//Flags used by the archiver during the creation of static libraries
// during DEBUG builds.
CMAKE_STATIC_LINKER_FLAGS_DEBUG:STRING=

//Flags used by the archiver during the creation of static libraries
// during MINSIZEREL builds.
CMAKE_STATIC_LINKER_FLAGS_MINSIZEREL:STRING=

//Flags used by the archiver during the creation of static libraries
// during RELEASE builds.
CMAKE_STATIC_LINKER_FLAGS_RELEASE:STRING=

//Flags used by the archiver during the creation of static libraries
// during RELWITHDEBINFO builds.
CMAKE_STATIC_LINKER_FLAGS_RELWITHDEBINFO:STRING=

//Path to a program.
CMAKE_STRIP:FILEPATH=/usr/bin/strip

//Path to a program.
CMAKE_TAPI:FILEPATH=CMAKE_TAPI-NOTFOUND

//If this value is on, makefiles will be generated without the
// .SILENT directive, and all commands will be echoed to the console
// during the make.  This is useful for debugging only. With Visual
// Studio IDE projects all commands are done without /nologo.
CMAKE_VERBOSE_MAKEFILE:BOOL=FALSE

//Path to the coverage program that CTest uses for performing coverage
// inspection
COVERAGE_COMMAND:FILEPATH=/usr/bin/gcov

//Extra command line flags to pass to the coverage tool
COVERAGE_EXTRA_FLAGS:STRING=-l

//How many times to retry timed-out CTest submissions.
CTEST_SUBMIT_RETRY_COUNT:STRING=3

//How long to wait between timed-out CTest submissions.
CTEST_SUBMIT_RETRY_DELAY:STRING=5

//Maximum time allowed before CTest will kill the test.
DART_TESTING_TIMEOUT:STRING=1500

//Path to a library.
EXECINFO_LIBRARY:FILEPATH=EXECINFO_LIBRARY-NOTFOUND

//Path to a program.
GITCOMMAND:FILEPATH=/usr/bin/git

//Use Abseil and RE2. Requires Abseil and RE2 to be separately
// added to the build.
GTEST_HAS_ABSL:BOOL=OFF

//Enable installation of googletest. (Projects embedding googletest
// may want to turn this OFF.)
INSTALL_GTEST:BOOL=ON

//Path to a library.
LIBRT:FILEPATH=/usr/lib/x86_64-linux-gnu/librt.a

//Command to build the project
MAKECOMMAND:STRING=/home/fpedd/minimalloc/venv/lib/python3.12/site-packages/cmake/data/bin/cmake --build . --config "${CTEST_CONFIGURATION_TYPE}"

//Path to the memory checking command, used for memory error detection.
MEMORYCHECK_COMMAND:FILEPATH=/usr/bin/valgrind

//File that contains suppressions for the memory checker
MEMORYCHECK_SUPPRESSIONS_FILE:FILEPATH=

//Value Computed by CMake
MiniMalloc_BINARY_DIR:STATIC=/home/fpedd/minimalloc/build_test

//Value Computed by CMake
MiniMalloc_IS_TOP_LEVEL:STATIC=ON

//Value Computed by CMake
MiniMalloc_SOURCE_DIR:STATIC=/home/fpedd/minimalloc

//Name of the computer/site where compile is being run
SITE:STRING=pad

//Value Computed by CMake
absl_BINARY_DIR:STATIC=/home/fpedd/minimalloc/build_test/external/abseil-cpp

//Value Computed by CMake
absl_IS_TOP_LEVEL:STATIC=OFF

//Value Computed by CMake
absl_SOURCE_DIR:STATIC=/home/fpedd/minimalloc/external/abseil-cpp

//Dependencies for the target
absl_bad_any_cast_impl_LIB_DEPENDS:STATIC=general;absl::raw_logging_internal;

//Dependencies for the target
absl_bad_optional_access_LIB_DEPENDS:STATIC=general;absl::raw_logging_internal;

//Dependencies for the target
absl_bad_variant_access_LIB_DEPENDS:STATIC=general;absl::raw_logging_internal;

//Dependencies for the target
absl_base_LIB_DEPENDS:STATIC=general;absl::log_severity;general;absl::raw_logging_internal;general;absl::spinlock_wait;general;absl::type_traits;

//Dependencies for the target
absl_cord_LIB_DEPENDS:STATIC=general;absl::base;general;absl::cord_internal;general;absl::cordz_functions;general;absl::cordz_info;general;absl::crc_cord_state;general;absl::optional;general;absl::raw_logging_internal;general;absl::span;general;absl::strings;

//Dependencies for the target
absl_cord_internal_LIB_DEPENDS:STATIC=general;absl::crc_cord_state;general;absl::raw_logging_internal;general;absl::strings;general;absl::throw_delegate;

//Dependencies for the target
absl_cordz_functions_LIB_DEPENDS:STATIC=general;absl::exponential_biased;general;absl::raw_logging_internal;

//Dependencies for the target
absl_cordz_handle_LIB_DEPENDS:STATIC=general;absl::base;general;absl::raw_logging_internal;general;absl::synchronization;

//Dependencies for the target
absl_cordz_info_LIB_DEPENDS:STATIC=general;absl::base;general;absl::cord_internal;general;absl::cordz_functions;general;absl::cordz_handle;general;absl::span;general;absl::raw_logging_internal;general;absl::stacktrace;general;absl::synchronization;general;absl::time;

//Dependencies for the target
absl_cordz_sample_token_LIB_DEPENDS:STATIC=general;absl::cordz_handle;general;absl::cordz_info;

//Dependencies for the target
absl_crc32c_LIB_DEPENDS:STATIC=general;absl::crc_cpu_detect;general;absl::crc_internal;general;absl::non_temporal_memcpy;general;absl::strings;

//Dependencies for the target
absl_crc_cord_state_LIB_DEPENDS:STATIC=general;absl::crc32c;general;absl::strings;

//Dependencies for the target
absl_crc_cpu_detect_LIB_DEPENDS:STATIC=general;absl::base;

//Dependencies for the target
absl_crc_internal_LIB_DEPENDS:STATIC=general;absl::crc_cpu_detect;general;absl::base;general;absl::raw_logging_internal;general;absl::memory;general;absl::bits;

//Dependencies for the target
absl_debugging_internal_LIB_DEPENDS:STATIC=general;absl::raw_logging_internal;

//Dependencies for the target
absl_demangle_internal_LIB_DEPENDS:STATIC=general;absl::base;

//Dependencies for the target
absl_die_if_null_LIB_DEPENDS:STATIC=general;absl::log;general;absl::strings;

//Dependencies for the target
absl_examine_stack_LIB_DEPENDS:STATIC=general;absl::stacktrace;general;absl::symbolize;general;absl::raw_logging_internal;

//Dependencies for the target
absl_failure_signal_handler_LIB_DEPENDS:STATIC=general;absl::examine_stack;general;absl::stacktrace;general;absl::base;general;absl::raw_logging_internal;

//Dependencies for the target
absl_flags_LIB_DEPENDS:STATIC=general;absl::flags_commandlineflag;general;absl::flags_config;general;absl::flags_internal;general;absl::flags_reflection;general;absl::base;general;absl::strings;

//Dependencies for the target
absl_flags_commandlineflag_LIB_DEPENDS:STATIC=general;absl::flags_commandlineflag_internal;general;absl::optional;general;absl::strings;

//Dependencies for the target
absl_flags_config_LIB_DEPENDS:STATIC=general;absl::flags_program_name;general;absl::strings;general;absl::synchronization;

//Dependencies for the target
absl_flags_internal_LIB_DEPENDS:STATIC=general;absl::base;general;absl::flags_commandlineflag;general;absl::flags_commandlineflag_internal;general;absl::flags_config;general;absl::flags_marshalling;general;absl::synchronization;general;absl::meta;general;absl::utility;

//Dependencies for the target
absl_flags_marshalling_LIB_DEPENDS:STATIC=general;absl::log_severity;general;absl::optional;general;absl::strings;general;absl::str_format;

//Dependencies for the target
absl_flags_parse_LIB_DEPENDS:STATIC=general;absl::flags_config;general;absl::flags;general;absl::flags_commandlineflag;general;absl::flags_commandlineflag_internal;general;absl::flags_internal;general;absl::flags_private_handle_accessor;general;absl::flags_program_name;general;absl::flags_reflection;general;absl::flags_usage;general;absl::strings;general;absl::synchronization;

//Dependencies for the target
absl_flags_private_handle_accessor_LIB_DEPENDS:STATIC=general;absl::flags_commandlineflag;general;absl::flags_commandlineflag_internal;general;absl::strings;

//Dependencies for the target
absl_flags_program_name_LIB_DEPENDS:STATIC=general;absl::strings;general;absl::synchronization;

//Dependencies for the target
absl_flags_reflection_LIB_DEPENDS:STATIC=general;absl::flags_commandlineflag;general;absl::flags_private_handle_accessor;general;absl::flags_config;general;absl::strings;general;absl::synchronization;

//Dependencies for the target
absl_flags_usage_LIB_DEPENDS:STATIC=general;absl::flags_usage_internal;general;absl::raw_logging_internal;general;absl::strings;general;absl::synchronization;

//Dependencies for the target
absl_flags_usage_internal_LIB_DEPENDS:STATIC=general;absl::flags_config;general;absl::flags;general;absl::flags_commandlineflag;general;absl::flags_internal;general;absl::flags_private_handle_accessor;general;absl::flags_program_name;general;absl::flags_reflection;general;absl::strings;general;absl::synchronization;

//Dependencies for the target
absl_graphcycles_internal_LIB_DEPENDS:STATIC=general;absl::base;general;absl::malloc_internal;general;absl::raw_logging_internal;

//Dependencies for the target
absl_hash_LIB_DEPENDS:STATIC=general;absl::bits;general;absl::city;general;absl::meta;general;absl::int128;general;absl::strings;general;absl::optional;general;absl::variant;general;absl::utility;general;absl::low_level_hash;

//Dependencies for the target
absl_hashtablez_sampler_LIB_DEPENDS:STATIC=general;absl::base;general;absl::exponential_biased;general;absl::raw_logging_internal;general;absl::sample_recorder;general;absl::synchronization;general;absl::time;

//Dependencies for the target
absl_kernel_timeout_internal_LIB_DEPENDS:STATIC=general;absl::raw_logging_internal;general;absl::time;

//Dependencies for the target
absl_log_entry_LIB_DEPENDS:STATIC=general;absl::log_severity;general;absl::span;general;absl::strings;general;absl::time;

//Dependencies for the target
absl_log_flags_LIB_DEPENDS:STATIC=general;absl::log_globals;general;absl::log_severity;general;absl::flags;general;absl::flags_marshalling;general;absl::strings;

//Dependencies for the target
absl_log_globals_LIB_DEPENDS:STATIC=general;absl::hash;general;absl::log_severity;general;absl::strings;

//Dependencies for the target
absl_log_initialize_LIB_DEPENDS:STATIC=general;absl::log_globals;general;absl::log_internal_globals;general;absl::time;

//Dependencies for the target
absl_log_internal_check_op_LIB_DEPENDS:STATIC=general;absl::log_internal_nullguard;general;absl::log_internal_nullstream;general;absl::log_internal_strip;general;absl::strings;

//Dependencies for the target
absl_log_internal_conditions_LIB_DEPENDS:STATIC=general;absl::base;general;absl::log_internal_voidify;

//Dependencies for the target
absl_log_internal_format_LIB_DEPENDS:STATIC=general;absl::log_internal_append_truncated;general;absl::log_internal_globals;general;absl::log_severity;general;absl::strings;general;absl::str_format;general;absl::time;general;absl::span;

//Dependencies for the target
absl_log_internal_globals_LIB_DEPENDS:STATIC=general;absl::log_severity;general;absl::raw_logging_internal;general;absl::strings;general;absl::time;

//Dependencies for the target
absl_log_internal_log_sink_set_LIB_DEPENDS:STATIC=general;absl::base;general;absl::log_internal_globals;general;absl::log_globals;general;absl::log_entry;general;absl::log_severity;general;absl::log_sink;general;absl::raw_logging_internal;general;absl::synchronization;general;absl::span;general;absl::strings;

//Dependencies for the target
absl_log_internal_message_LIB_DEPENDS:STATIC=general;absl::base;general;absl::examine_stack;general;absl::log_internal_append_truncated;general;absl::log_internal_format;general;absl::log_internal_globals;general;absl::log_internal_proto;general;absl::log_internal_log_sink_set;general;absl::log_internal_nullguard;general;absl::log_globals;general;absl::log_entry;general;absl::log_severity;general;absl::log_sink;general;absl::log_sink_registry;general;absl::memory;general;absl::raw_logging_internal;general;absl::strings;general;absl::strerror;general;absl::time;general;absl::span;

//Dependencies for the target
absl_log_internal_proto_LIB_DEPENDS:STATIC=general;absl::base;general;absl::strings;general;absl::span;

//Dependencies for the target
absl_log_severity_LIB_DEPENDS:STATIC=general;absl::core_headers;

//Dependencies for the target
absl_log_sink_LIB_DEPENDS:STATIC=general;absl::log_entry;

//Dependencies for the target
absl_low_level_hash_LIB_DEPENDS:STATIC=general;absl::int128;

//Dependencies for the target
absl_malloc_internal_LIB_DEPENDS:STATIC=general;absl::base;general;absl::base_internal;general;absl::raw_logging_internal;

//Dependencies for the target
absl_periodic_sampler_LIB_DEPENDS:STATIC=general;absl::exponential_biased;

//Dependencies for the target
absl_random_distributions_LIB_DEPENDS:STATIC=general;absl::random_internal_generate_real;general;absl::random_internal_distribution_caller;general;absl::random_internal_fast_uniform_bits;general;absl::random_internal_fastmath;general;absl::random_internal_iostream_state_saver;general;absl::random_internal_traits;general;absl::random_internal_uniform_helper;general;absl::random_internal_wide_multiply;general;absl::strings;

//Dependencies for the target
absl_random_internal_distribution_test_util_LIB_DEPENDS:STATIC=general;absl::raw_logging_internal;general;absl::strings;general;absl::str_format;general;absl::span;

//Dependencies for the target
absl_random_internal_pool_urbg_LIB_DEPENDS:STATIC=general;absl::base;general;absl::random_internal_randen;general;absl::random_internal_seed_material;general;absl::random_seed_gen_exception;general;absl::raw_logging_internal;general;absl::span;

//Dependencies for the target
absl_random_internal_randen_LIB_DEPENDS:STATIC=general;absl::random_internal_platform;general;absl::random_internal_randen_hwaes;general;absl::random_internal_randen_slow;

//Dependencies for the target
absl_random_internal_randen_hwaes_LIB_DEPENDS:STATIC=general;absl::random_internal_platform;general;absl::random_internal_randen_hwaes_impl;

//Dependencies for the target
absl_random_internal_randen_hwaes_impl_LIB_DEPENDS:STATIC=general;absl::random_internal_platform;

//Dependencies for the target
absl_random_internal_randen_slow_LIB_DEPENDS:STATIC=general;absl::random_internal_platform;

//Dependencies for the target
absl_random_internal_seed_material_LIB_DEPENDS:STATIC=general;absl::optional;general;absl::raw_logging_internal;general;absl::span;general;absl::strings;

//Dependencies for the target
absl_random_seed_sequences_LIB_DEPENDS:STATIC=general;absl::random_internal_pool_urbg;general;absl::random_internal_salted_seed_seq;general;absl::random_internal_seed_material;general;absl::random_seed_gen_exception;general;absl::span;

//Dependencies for the target
absl_raw_hash_set_LIB_DEPENDS:STATIC=general;absl::bits;general;absl::hash;general;absl::hashtablez_sampler;general;absl::memory;general;absl::meta;general;absl::optional;general;absl::raw_logging_internal;general;absl::utility;

//Dependencies for the target
absl_raw_logging_internal_LIB_DEPENDS:STATIC=general;absl::config;general;absl::core_headers;general;absl::log_severity;

//Dependencies for the target
absl_scoped_set_env_LIB_DEPENDS:STATIC=general;absl::raw_logging_internal;

//Dependencies for the target
absl_spinlock_wait_LIB_DEPENDS:STATIC=general;absl::base_internal;general;absl::core_headers;

//Dependencies for the target
absl_stacktrace_LIB_DEPENDS:STATIC=general;absl::debugging_internal;general;absl::raw_logging_internal;

//Dependencies for the target
absl_status_LIB_DEPENDS:STATIC=general;absl::cord;general;absl::optional;general;absl::raw_logging_internal;general;absl::stacktrace;general;absl::str_format;general;absl::strerror;general;absl::strings;general;absl::symbolize;

//Dependencies for the target
absl_statusor_LIB_DEPENDS:STATIC=general;absl::base;general;absl::status;general;absl::raw_logging_internal;general;absl::strings;general;absl::utility;general;absl::variant;

//Dependencies for the target
absl_str_format_internal_LIB_DEPENDS:STATIC=general;absl::strings;general;absl::utility;general;absl::int128;general;absl::span;

//Dependencies for the target
absl_strings_LIB_DEPENDS:STATIC=general;absl::strings_internal;general;absl::base;general;absl::int128;general;absl::raw_logging_internal;general;absl::throw_delegate;

//Dependencies for the target
absl_strings_internal_LIB_DEPENDS:STATIC=general;absl::raw_logging_internal;

//Dependencies for the target
absl_symbolize_LIB_DEPENDS:STATIC=general;absl::debugging_internal;general;absl::demangle_internal;general;absl::base;general;absl::malloc_internal;general;absl::raw_logging_internal;general;absl::strings;

//Dependencies for the target
absl_synchronization_LIB_DEPENDS:STATIC=general;absl::graphcycles_internal;general;absl::kernel_timeout_internal;general;absl::base;general;absl::malloc_internal;general;absl::raw_logging_internal;general;absl::stacktrace;general;absl::symbolize;general;absl::time;

//Dependencies for the target
absl_throw_delegate_LIB_DEPENDS:STATIC=general;absl::raw_logging_internal;

//Dependencies for the target
absl_time_LIB_DEPENDS:STATIC=general;absl::base;general;absl::civil_time;general;absl::int128;general;absl::raw_logging_internal;general;absl::strings;general;absl::time_zone;

//Value Computed by CMake
gmock_BINARY_DIR:STATIC=/home/fpedd/minimalloc/build_test/external/googletest/googlemock

//Value Computed by CMake
gmock_IS_TOP_LEVEL:STATIC=OFF

//Dependencies for the target
gmock_LIB_DEPENDS:STATIC=general;gtest;

//Value Computed by CMake
gmock_SOURCE_DIR:STATIC=/home/fpedd/minimalloc/external/googletest/googlemock

//Build all of Google Mock's own tests.
gmock_build_tests:BOOL=OFF

//Dependencies for the target
gmock_main_LIB_DEPENDS:STATIC=general;gmock;

//Value Computed by CMake
googletest-distribution_BINARY_DIR:STATIC=/home/fpedd/minimalloc/build_test/external/googletest

//Value Computed by CMake
googletest-distribution_IS_TOP_LEVEL:STATIC=OFF

//Value Computed by CMake
googletest-distribution_SOURCE_DIR:STATIC=/home/fpedd/minimalloc/external/googletest

//Value Computed by CMake
gtest_BINARY_DIR:STATIC=/home/fpedd/minimalloc/build_test/external/googletest/googletest

//Value Computed by CMake
gtest_IS_TOP_LEVEL:STATIC=OFF

//Value Computed by CMake
gtest_SOURCE_DIR:STATIC=/home/fpedd/minimalloc/external/googletest/googletest

//Build gtest's sample programs.
gtest_build_samples:BOOL=OFF

//Build all of gtest's own tests.
gtest_build_tests:BOOL=OFF

//Disable uses of pthreads in gtest.
gtest_disable_pthreads:BOOL=OFF

//Use shared (DLL) run-time lib even when Google Test is built
// as static lib.
gtest_force_shared_crt:BOOL=OFF

//Build gtest with internal symbols hidden in shared libraries.
gtest_hide_internal_symbols:BOOL=OFF

//Dependencies for the target
gtest_main_LIB_DEPENDS:STATIC=general;gtest;

//The directory containing a CMake configuration file for pybind11.
pybind11_DIR:PATH=/home/fpedd/minimalloc/venv/share/cmake/pybind11


########################
# INTERNAL cache entries
########################

//Test ABSL_INTERNAL_AT_LEAST_CXX17
ABSL_INTERNAL_AT_LEAST_CXX17:INTERNAL=1
//ADVANCED property for variable: CMAKE_ADDR2LINE
CMAKE_ADDR2LINE-ADVANCED:INTERNAL=1
//ADVANCED property for variable: CMAKE_AR
CMAKE_AR-ADVANCED:INTERNAL=1
//This is the directory where this CMakeCache.txt was created
CMAKE_CACHEFILE_DIR:INTERNAL=/home/fpedd/minimalloc/build_test
//Major version of cmake used to create the current loaded cache
CMAKE_CACHE_MAJOR_VERSION:INTERNAL=4
//Minor version of cmake used to create the current loaded cache
CMAKE_CACHE_MINOR_VERSION:INTERNAL=1
//Patch version of cmake used to create the current loaded cache
CMAKE_CACHE_PATCH_VERSION:INTERNAL=0
//ADVANCED property for variable: CMAKE_COLOR_MAKEFILE
CMAKE_COLOR_MAKEFILE-ADVANCED:INTERNAL=1
//Path to CMake executable.
CMAKE_COMMAND:INTERNAL=/home/fpedd/minimalloc/venv/lib/python3.12/site-packages/cmake/data/bin/cmake
//Path to cpack program executable.
CMAKE_CPACK_COMMAND:INTERNAL=/home/fpedd/minimalloc/venv/lib/python3.12/site-packages/cmake/data/bin/cpack
//ADVANCED property for variable: CMAKE_CTEST_COMMAND
CMAKE_CTEST_COMMAND-ADVANCED:INTERNAL=1
//Path to ctest program executable.
CMAKE_CTEST_COMMAND:INTERNAL=/home/fpedd/minimalloc/venv/lib/python3.12/site-packages/cmake/data/bin/ctest
//ADVANCED property for variable: CMAKE_CXX_COMPILER
CMAKE_CXX_COMPILER-ADVANCED:INTERNAL=1
//ADVANCED property for variable: CMAKE_CXX_COMPILER_AR
CMAKE_CXX_COMPILER_AR-ADVANCED:INTERNAL=1
//ADVANCED property for variable: CMAKE_CXX_COMPILER_RANLIB
CMAKE_CXX_COMPILER_RANLIB-ADVANCED:INTERNAL=1
//ADVANCED property for variable: CMAKE_CXX_FLAGS
CMAKE_CXX_FLAGS-ADVANCED:INTERNAL=1
//ADVANCED property for variable: CMAKE_CXX_FLAGS_DEBUG
CMAKE_CXX_FLAGS_DEBUG-ADVANCED:INTERNAL=1
//ADVANCED property for variable: CMAKE_CXX_FLAGS_MINSIZEREL
CMAKE_CXX_FLAGS_MINSIZEREL-ADVANCED:INTERNAL=1
//ADVANCED property for variable: CMAKE_CXX_FLAGS_RELEASE
CMAKE_CXX_FLAGS_RELEASE-ADVANCED:INTERNAL=1
//ADVANCED property for variable: CMAKE_CXX_FLAGS_RELWITHDEBINFO
CMAKE_CXX_FLAGS_RELWITHDEBINFO-ADVANCED:INTERNAL=1
//ADVANCED property for variable: CMAKE_C_COMPILER
CMAKE_C_COMPILER-ADVANCED:INTERNAL=1
//ADVANCED property for variable: CMAKE_C_COMPILER_AR
CMAKE_C_COMPILER_AR-ADVANCED:INTERNAL=1
//ADVANCED property for variable: CMAKE_C_COMPILER_RANLIB
CMAKE_C_COMPILER_RANLIB-ADVANCED:INTERNAL=1
//ADVANCED property for variable: CMAKE_C_FLAGS
CMAKE_C_FLAGS-ADVANCED:INTERNAL=1
//ADVANCED property for variable: CMAKE_C_FLAGS_DEBUG
CMAKE_C_FLAGS_DEBUG-ADVANCED:INTERNAL=1
//ADVANCED property for variable: CMAKE_C_FLAGS_MINSIZEREL
CMAKE_C_FLAGS_MINSIZEREL-ADVANCED:INTERNAL=1
//ADVANCED property for variable: CMAKE_C_FLAGS_RELEASE
CMAKE_C_FLAGS_RELEASE-ADVANCED:INTERNAL=1
//ADVANCED property for variable: CMAKE_C_FLAGS_RELWITHDEBINFO
CMAKE_C_FLAGS_RELWITHDEBINFO-ADVANCED:INTERNAL=1
//ADVANCED property for variable: CMAKE_DLLTOOL
CMAKE_DLLTOOL-ADVANCED:INTERNAL=1
//Executable file format
CMAKE_EXECUTABLE_FORMAT:INTERNAL=ELF
//ADVANCED property for variable: CMAKE_EXE_LINKER_FLAGS
CMAKE_EXE_LINKER_FLAGS-ADVANCED:INTERNAL=1
//ADVANCED property for variable: CMAKE_EXE_LINKER_FLAGS_DEBUG
CMAKE_EXE_LINKER_FLAGS_DEBUG-ADVANCED:INTERNAL=1
//ADVANCED property for variable: CMAKE_EXE_LINKER_FLAGS_MINSIZEREL
CMAKE_EXE_LINKER_FLAGS_MINSIZEREL-ADVANCED:INTERNAL=1
//ADVANCED property for variable: CMAKE_EXE_LINKER_FLAGS_RELEASE
CMAKE_EXE_LINKER_FLAGS_RELEASE-ADVANCED:INTERNAL=1
//ADVANCED property for variable: CMAKE_EXE_LINKER_FLAGS_RELWITHDEBINFO
CMAKE_EXE_LINKER_FLAGS_RELWITHDEBINFO-ADVANCED:INTERNAL=1
//ADVANCED property for variable: CMAKE_EXPORT_COMPILE_COMMANDS
CMAKE_EXPORT_COMPILE_COMMANDS-ADVANCED:INTERNAL=1
//Name of external makefile project generator.
CMAKE_EXTRA_GENERATOR:INTERNAL=
//Name of generator.
CMAKE_GENERATOR:INTERNAL=Unix Makefiles
//Generator instance identifier.
CMAKE_GENERATOR_INSTANCE:INTERNAL=
//Name of generator platform.
CMAKE_GENERATOR_PLATFORM:INTERNAL=
//Name of generator toolset.
CMAKE_GENERATOR_TOOLSET:INTERNAL=
//Test CMAKE_HAVE_LIBC_PTHREAD
CMAKE_HAVE_LIBC_PTHREAD:INTERNAL=1
//Source directory with the top level CMakeLists.txt file for this
// project
CMAKE_HOME_DIRECTORY:INTERNAL=/home/fpedd/minimalloc
//ADVANCED property for variable: CMAKE_INSTALL_BINDIR
CMAKE_INSTALL_BINDIR-ADVANCED:INTERNAL=1
//ADVANCED property for variable: CMAKE_INSTALL_DATADIR
CMAKE_INSTALL_DATADIR-ADVANCED:INTERNAL=1
//ADVANCED property for variable: CMAKE_INSTALL_DATAROOTDIR
CMAKE_INSTALL_DATAROOTDIR-ADVANCED:INTERNAL=1
//ADVANCED property for variable: CMAKE_INSTALL_DOCDIR
CMAKE_INSTALL_DOCDIR-ADVANCED:INTERNAL=1
//ADVANCED property for variable: CMAKE_INSTALL_INCLUDEDIR
CMAKE_INSTALL_INCLUDEDIR-ADVANCED:INTERNAL=1
//ADVANCED property for variable: CMAKE_INSTALL_INFODIR
CMAKE_INSTALL_INFODIR-ADVANCED:INTERNAL=1
//ADVANCED property for variable: CMAKE_INSTALL_LIBDIR
CMAKE_INSTALL_LIBDIR-ADVANCED:INTERNAL=1
//ADVANCED property for variable: CMAKE_INSTALL_LIBEXECDIR
CMAKE_INSTALL_LIBEXECDIR-ADVANCED:INTERNAL=1
//ADVANCED property for variable: CMAKE_INSTALL_LOCALEDIR
CMAKE_INSTALL_LOCALEDIR-ADVANCED:INTERNAL=1
//ADVANCED property for variable: CMAKE_INSTALL_LOCALSTATEDIR
CMAKE_INSTALL_LOCALSTATEDIR-ADVANCED:INTERNAL=1
//ADVANCED property for variable: CMAKE_INSTALL_MANDIR
CMAKE_INSTALL_MANDIR-ADVANCED:INTERNAL=1
//ADVANCED property for variable: CMAKE_INSTALL_OLDINCLUDEDIR
CMAKE_INSTALL_OLDINCLUDEDIR-ADVANCED:INTERNAL=1
//ADVANCED property for variable: CMAKE_INSTALL_RUNSTATEDIR
CMAKE_INSTALL_RUNSTATEDIR-ADVANCED:INTERNAL=1
//ADVANCED property for variable: CMAKE_INSTALL_SBINDIR
CMAKE_INSTALL_SBINDIR-ADVANCED:INTERNAL=1
//ADVANCED property for variable: CMAKE_INSTALL_SHAREDSTATEDIR
CMAKE_INSTALL_SHAREDSTATEDIR-ADVANCED:INTERNAL=1
//Install .so files without execute permission.
CMAKE_INSTALL_SO_NO_EXE:INTERNAL=1
//ADVANCED property for variable: CMAKE_INSTALL_SYSCONFDIR
CMAKE_INSTALL_SYSCONFDIR-ADVANCED:INTERNAL=1
//ADVANCED property for variable: CMAKE_LINKER
CMAKE_LINKER-ADVANCED:INTERNAL=1
//Name of CMakeLists files to read
CMAKE_LIST_FILE_NAME:INTERNAL=CMakeLists.txt
//ADVANCED property for variable: CMAKE_MAKE_PROGRAM
CMAKE_MAKE_PROGRAM-ADVANCED:INTERNAL=1
//ADVANCED property for variable: CMAKE_MODULE_LINKER_FLAGS
CMAKE_MODULE_LINKER_FLAGS-ADVANCED:INTERNAL=1
//ADVANCED property for variable: CMAKE_MODULE_LINKER_FLAGS_DEBUG
CMAKE_MODULE_LINKER_FLAGS_DEBUG-ADVANCED:INTERNAL=1
//ADVANCED property for variable: CMAKE_MODULE_LINKER_FLAGS_MINSIZEREL
CMAKE_MODULE_LINKER_FLAGS_MINSIZEREL-ADVANCED:INTERNAL=1
//ADVANCED property for variable: CMAKE_MODULE_LINKER_FLAGS_RELEASE
CMAKE_MODULE_LINKER_FLAGS_RELEASE-ADVANCED:INTERNAL=1
//ADVANCED property for variable: CMAKE_MODULE_LINKER_FLAGS_RELWITHDEBINFO
CMAKE_MODULE_LINKER_FLAGS_RELWITHDEBINFO-ADVANCED:INTERNAL=1
//ADVANCED property for variable: CMAKE_NM
CMAKE_NM-ADVANCED:INTERNAL=1
//number of local generators
CMAKE_NUMBER_OF_MAKEFILES:INTERNAL=27
//ADVANCED property for variable: CMAKE_OBJCOPY
CMAKE_OBJCOPY-ADVANCED:INTERNAL=1
//ADVANCED property for variable: CMAKE_OBJDUMP
CMAKE_OBJDUMP-ADVANCED:INTERNAL=1
//Platform information initialized
CMAKE_PLATFORM_INFO_INITIALIZED:INTERNAL=1
//ADVANCED property for variable: CMAKE_RANLIB
CMAKE_RANLIB-ADVANCED:INTERNAL=1
//ADVANCED property for variable: CMAKE_READELF
CMAKE_READELF-ADVANCED:INTERNAL=1
//Path to CMake installation.
CMAKE_ROOT:INTERNAL=/home/fpedd/minimalloc/venv/lib/python3.12/site-packages/cmake/data/share/cmake-4.1
//ADVANCED property for variable: CMAKE_SHARED_LINKER_FLAGS
CMAKE_SHARED_LINKER_FLAGS-ADVANCED:INTERNAL=1
//ADVANCED property for variable: CMAKE_SHARED_LINKER_FLAGS_DEBUG
CMAKE_SHARED_LINKER_FLAGS_DEBUG-ADVANCED:INTERNAL=1
//ADVANCED property for variable: CMAKE_SHARED_LINKER_FLAGS_MINSIZEREL
CMAKE_SHARED_LINKER_FLAGS_MINSIZEREL-ADVANCED:INTERNAL=1
//ADVANCED property for variable: CMAKE_SHARED_LINKER_FLAGS_RELEASE
CMAKE_SHARED_LINKER_FLAGS_RELEASE-ADVANCED:INTERNAL=1
//ADVANCED property for variable: CMAKE_SHARED_LINKER_FLAGS_RELWITHDEBINFO
CMAKE_SHARED_LINKER_FLAGS_RELWITHDEBINFO-ADVANCED:INTERNAL=1
//ADVANCED property for variable: CMAKE_SKIP_INSTALL_RPATH
CMAKE_SKIP_INSTALL_RPATH-ADVANCED:INTERNAL=1
//ADVANCED property for variable: CMAKE_SKIP_RPATH
CMAKE_SKIP_RPATH-ADVANCED:INTERNAL=1
//ADVANCED property for variable: CMAKE_STATIC_LINKER_FLAGS
CMAKE_STATIC_LINKER_FLAGS-ADVANCED:INTERNAL=1
//ADVANCED property for variable: CMAKE_STATIC_LINKER_FLAGS_DEBUG
CMAKE_STATIC_LINKER_FLAGS_DEBUG-ADVANCED:INTERNAL=1
//ADVANCED property for variable: CMAKE_STATIC_LINKER_FLAGS_MINSIZEREL
CMAKE_STATIC_LINKER_FLAGS_MINSIZEREL-ADVANCED:INTERNAL=1
//ADVANCED property for variable: CMAKE_STATIC_LINKER_FLAGS_RELEASE
CMAKE_STATIC_LINKER_FLAGS_RELEASE-ADVANCED:INTERNAL=1
//ADVANCED property for variable: CMAKE_STATIC_LINKER_FLAGS_RELWITHDEBINFO
CMAKE_STATIC_LINKER_FLAGS_RELWITHDEBINFO-ADVANCED:INTERNAL=1
//ADVANCED property for variable: CMAKE_STRIP
CMAKE_STRIP-ADVANCED:INTERNAL=1
//ADVANCED property for variable: CMAKE_TAPI
CMAKE_TAPI-ADVANCED:INTERNAL=1
//uname command
CMAKE_UNAME:INTERNAL=/usr/bin/uname
//ADVANCED property for variable: CMAKE_VERBOSE_MAKEFILE
CMAKE_VERBOSE_MAKEFILE-ADVANCED:INTERNAL=1
//ADVANCED property for variable: COVERAGE_COMMAND
COVERAGE_COMMAND-ADVANCED:INTERNAL=1
//ADVANCED property for variable: COVERAGE_EXTRA_FLAGS
COVERAGE_EXTRA_FLAGS-ADVANCED:INTERNAL=1
//ADVANCED property for variable: CTEST_SUBMIT_RETRY_COUNT
CTEST_SUBMIT_RETRY_COUNT-ADVANCED:INTERNAL=1
//ADVANCED property for variable: CTEST_SUBMIT_RETRY_DELAY
CTEST_SUBMIT_RETRY_DELAY-ADVANCED:INTERNAL=1
//ADVANCED property for variable: DART_TESTING_TIMEOUT
DART_TESTING_TIMEOUT-ADVANCED:INTERNAL=1
//Details about finding Python
FIND_PACKAGE_MESSAGE_DETAILS_Python:INTERNAL=[/home/fpedd/minimalloc/venv/bin/python3.12][/usr/include/python3.12][/usr/lib/x86_64-linux-gnu/libpython3.12.so][found components: Interpreter Development Development.Module Development.Embed ][v3.12.3()]
//Details about finding Threads
FIND_PACKAGE_MESSAGE_DETAILS_Threads:INTERNAL=[TRUE][v()]
//ADVANCED property for variable: GITCOMMAND
GITCOMMAND-ADVANCED:INTERNAL=1
//Test HAS_FLTO_AUTO
HAS_FLTO_AUTO:INTERNAL=1
//ADVANCED property for variable: MAKECOMMAND
MAKECOMMAND-ADVANCED:INTERNAL=1
//ADVANCED property for variable: MEMORYCHECK_COMMAND
MEMORYCHECK_COMMAND-ADVANCED:INTERNAL=1
//ADVANCED property for variable: MEMORYCHECK_SUPPRESSIONS_FILE
MEMORYCHECK_SUPPRESSIONS_FILE-ADVANCED:INTERNAL=1
//Python executable during the last CMake run
PYBIND11_PYTHON_EXECUTABLE_LAST:INTERNAL=/home/fpedd/minimalloc/venv/bin/python3.12
PYTHONINTERP_FOUND:INTERNAL=TRUE
PYTHON_EXECUTABLE:INTERNAL=/home/fpedd/minimalloc/venv/bin/python3
//Python debug status
PYTHON_IS_DEBUG:INTERNAL=0
PYTHON_MODULE_DEBUG_POSTFIX:INTERNAL=
PYTHON_MODULE_EXTENSION:INTERNAL=.cpython-312-x86_64-linux-gnu.so
//ADVANCED property for variable: SITE
SITE-ADVANCED:INTERNAL=1
//CMAKE_INSTALL_PREFIX during last run
_GNUInstallDirs_LAST_CMAKE_INSTALL_PREFIX:INTERNAL=/usr/local
_PYBIND11_CROSSCOMPILING:INTERNAL=OFF
_Python:INTERNAL=Python
//Compiler reason failure
_Python_Compiler_REASON_FAILURE:INTERNAL=
_Python_DEVELOPMENT_EMBED_SIGNATURE:INTERNAL=a8fd6906d9078ad7f0c724cee5c37e33
_Python_DEVELOPMENT_MODULE_SIGNATURE:INTERNAL=e176b05b75342c1dd2b5202bb344a689
//Development reason failure
_Python_Development_REASON_FAILURE:INTERNAL=
//Path to a program.
_Python_EXECUTABLE:INTERNAL=/home/fpedd/minimalloc/venv/bin/python3.12
//Path to a file.
_Python_INCLUDE_DIR:INTERNAL=/usr/include/python3.12
//Python Properties
_Python_INTERPRETER_PROPERTIES:INTERNAL=Python;3;12;3;64;<none>;cpython-312-x86_64-linux-gnu;abi3;/usr/lib/python3.12;/home/fpedd/minimalloc/venv/lib/python3.12;/home/fpedd/minimalloc/venv/lib/python3.12/site-packages;/home/fpedd/minimalloc/venv/lib/python3.12/site-packages
_Python_INTERPRETER_SIGNATURE:INTERNAL=860699a7f67403300f20416a850e6ade
//Interpreter reason failure
_Python_Interpreter_REASON_FAILURE:INTERNAL=
//Path to a library.
_Python_LIBRARY_RELEASE:INTERNAL=/usr/lib/x86_64-linux-gnu/libpython3.12.so
//NumPy reason failure
_Python_NumPy_REASON_FAILURE:INTERNAL=
cmake_package_name:INTERNAL=GTest
generated_dir:INTERNAL=/home/fpedd/minimalloc/build_test/external/googletest/googletest/generated
//ADVANCED property for variable: gmock_build_tests
gmock_build_tests-ADVANCED:INTERNAL=1
//ADVANCED property for variable: gtest_build_samples
gtest_build_samples-ADVANCED:INTERNAL=1
//ADVANCED property for variable: gtest_build_tests
gtest_build_tests-ADVANCED:INTERNAL=1
//ADVANCED property for variable: gtest_disable_pthreads
gtest_disable_pthreads-ADVANCED:INTERNAL=1
//ADVANCED property for variable: gtest_force_shared_crt
gtest_force_shared_crt-ADVANCED:INTERNAL=1
//ADVANCED property for variable: gtest_hide_internal_symbols
gtest_hide_internal_symbols-ADVANCED:INTERNAL=1
//Directories where pybind11 and possibly Python headers are located
pybind11_INCLUDE_DIRS:INTERNAL=/home/fpedd/minimalloc/venv/include;/usr/include/python3.12
targets_export_name:INTERNAL=GTestTargets

